GET -- /api/blog/list?author=lisi -- Mozilla/5.0 (Macintosh; Intel Mac OS X 10_14_2) AppleWebKit/537.36 (KHTML, like Gecko) Chrome/79.0.3945.130 Safari/537.36 -- 1580921290955
POST -- /api/user/login -- vscode-restclient -- 1580921334877
GET -- /api/blog/list?author=lisi -- Mozilla/5.0 (Macintosh; Intel Mac OS X 10_14_2) AppleWebKit/537.36 (KHTML, like Gecko) Chrome/79.0.3945.130 Safari/537.36 -- 1580921351513
GET -- /api/blog/list?author=lisi -- Mozilla/5.0 (Macintosh; Intel Mac OS X 10_14_2) AppleWebKit/605.1.15 (KHTML, like Gecko) Version/12.0.2 Safari/605.1.15 -- 1580922199486
GET -- /api/blog/list?author=lisi -- Mozilla/5.0 (Macintosh; Intel Mac OS X 10_14_2) AppleWebKit/605.1.15 (KHTML, like Gecko) Version/12.0.2 Safari/605.1.15 -- 1580922243525
GET -- /api/blog/list?author=lisi -- Mozilla/5.0 (Macintosh; Intel Mac OS X 10_14_2) AppleWebKit/605.1.15 (KHTML, like Gecko) Version/12.0.2 Safari/605.1.15 -- 1580922286974
GET -- /api/blog/list?author=lisi -- Mozilla/5.0 (Macintosh; Intel Mac OS X 10.14; rv:70.0) Gecko/20100101 Firefox/70.0 -- 1580922321952
GET -- /api/blog/list?author=lisi -- Mozilla/5.0 (Macintosh; Intel Mac OS X 10.14; rv:70.0) Gecko/20100101 Firefox/70.0 -- 1580922324722
GET -- /api/blog/list?author=lisi -- Mozilla/5.0 (Macintosh; Intel Mac OS X 10_14_2) AppleWebKit/537.36 (KHTML, like Gecko) Chrome/79.0.3945.130 Safari/537.36 -- 1580922330696
GET -- /api/blog/list?author=lisi&keyword=%E6%A0%87%E9%A2%98B -- vscode-restclient -- 1580991438067
POST -- /api/blog/new -- vscode-restclient -- 1580991470048
POST -- /api/user/login -- vscode-restclient -- 1580991495348
POST -- /api/user/login -- vscode-restclient -- 1580991497936
POST -- /api/user/login -- vscode-restclient -- 1580991552953
POST -- /api/user/login -- vscode-restclient -- 1580991588623
POST -- /api/user/login -- vscode-restclient -- 1580991767262
POST -- /api/user/login -- vscode-restclient -- 1580991846567
POST -- /api/user/login -- vscode-restclient -- 1580992572001
POST -- /api/user/login -- vscode-restclient -- 1580992817118
POST -- /api/user/login -- vscode-restclient -- 1580992826230
POST -- /api/user/login -- vscode-restclient -- 1580992828184
GET -- /api/blog/detail?id=3 -- vscode-restclient -- 1580992838112
GET -- /api/blog/list?author=lisi&keyword=%E6%A0%87%E9%A2%98B -- vscode-restclient -- 1580992845534
GET -- /api/blog/list?author=lisi&keyword=%E6%A0%87%E9%A2%98B -- vscode-restclient -- 1580992949380
GET -- /api/blog/list?author=lisi&keyword=%E6%A0%87%E9%A2%98B -- vscode-restclient -- 1580993009413
GET -- /api/blog/list?author=lisi&keyword=%E6%A0%87%E9%A2%98B -- vscode-restclient -- 1580993074090
GET -- /api/blog/list?author=lisi&keyword=%E6%A0%87%E9%A2%98B -- vscode-restclient -- 1580993134097
GET -- /api/blog/list?author=lisi&keyword=%E6%A0%87%E9%A2%98B -- vscode-restclient -- 1580993194097
GET -- /api/blog/list?author=lisi&keyword=%E6%A0%87%E9%A2%98B -- vscode-restclient -- 1580993237814
GET -- /api/blog/list?author=lisi&keyword=%E6%A0%87%E9%A2%98B -- vscode-restclient -- 1580993252694
GET -- /api/blog/list?author=lisi&keyword=%E6%A0%87%E9%A2%98B%27%20-- -- vscode-restclient -- 1580993276582
GET -- /api/blog/list?author=lisi&keyword=%E6%A0%87%E9%A2%98B -- vscode-restclient -- 1580993322636
